# JRE version: Java(TM) SE Runtime Environment (19.0.1+10) (build 19.0.1+10-21)
# Java VM: Java HotSpot(TM) 64-Bit Server VM (19.0.1+10-21, mixed mode, emulated-client, sharing, tiered, compressed oops, compressed class ptrs, g1 gc, windows-amd64)
GC Precious Log:
 CardTable entry size: 512
 Card Set container configuration: InlinePtr #cards 5 size 8 Array Of Cards #cards 12 size 40 Howl #buckets 4 coarsen threshold 1843 Howl Bitmap #cards 512 size 80 coarsen threshold 460 Card regions per heap region 1 cards per card region 2048
 CPUs: 8 total, 8 available
 Memory: 8089M
 Large Page Support: Disabled
 NUMA Support: Disabled
 Compressed Oops: Enabled (32-bit)
 Heap Region Size: 1M
 Heap Min Capacity: 8M
 Heap Initial Capacity: 128M
 Heap Max Capacity: 2024M
 Pre-touch: Disabled
 Parallel Workers: 8
 Concurrent Workers: 2
 Concurrent Refinement Workers: 8
 Periodic GC: Disabled
Heap:
 garbage-first heap   total 75776K, used 31283K [0x0000000081800000, 0x0000000100000000)
  region size 1024K, 4 young (4096K), 4 survivors (4096K)
 Metaspace       used 62593K, committed 63424K, reserved 1114112K
  class space    used 8748K, committed 9152K, reserved 1048576K
GC Heap History (20 events):
Event: 2.388 GC heap after
{Heap after GC invocations=3 (full 0):
 garbage-first heap   total 131072K, used 13564K [0x0000000081800000, 0x0000000100000000)
  region size 1024K, 6 young (6144K), 6 survivors (6144K)
 Metaspace       used 21134K, committed 21504K, reserved 1114112K
  class space    used 2720K, committed 2880K, reserved 1048576K
}
Event: 2.866 GC heap before
{Heap before GC invocations=4 (full 0):
 garbage-first heap   total 51200K, used 38140K [0x0000000081800000, 0x0000000100000000)
  region size 1024K, 30 young (30720K), 6 survivors (6144K)
 Metaspace       used 24536K, committed 24960K, reserved 1114112K
  class space    used 3233K, committed 3456K, reserved 1048576K
}
Event: 2.878 GC heap after
{Heap after GC invocations=5 (full 0):
 garbage-first heap   total 51200K, used 15571K [0x0000000081800000, 0x0000000100000000)
  region size 1024K, 3 young (3072K), 3 survivors (3072K)
 Metaspace       used 24536K, committed 24960K, reserved 1114112K
  class space    used 3233K, committed 3456K, reserved 1048576K
}
Event: 2.899 GC heap before
{Heap before GC invocations=5 (full 0):
 garbage-first heap   total 51200K, used 16595K [0x0000000081800000, 0x0000000100000000)
  region size 1024K, 4 young (4096K), 3 survivors (3072K)
 Metaspace       used 24783K, committed 25216K, reserved 1114112K
  class space    used 3256K, committed 3456K, reserved 1048576K
}
Event: 2.904 GC heap after
{Heap after GC invocations=6 (full 0):
 garbage-first heap   total 51200K, used 15749K [0x0000000081800000, 0x0000000100000000)
  region size 1024K, 1 young (1024K), 1 survivors (1024K)
 Metaspace       used 24783K, committed 25216K, reserved 1114112K
  class space    used 3256K, committed 3456K, reserved 1048576K
}
Event: 3.225 GC heap before
{Heap before GC invocations=6 (full 0):
 garbage-first heap   total 51200K, used 34181K [0x0000000081800000, 0x0000000100000000)
  region size 1024K, 20 young (20480K), 1 survivors (1024K)
 Metaspace       used 27740K, committed 28288K, reserved 1114112K
  class space    used 3695K, committed 3968K, reserved 1048576K
}
Event: 3.230 GC heap after
{Heap after GC invocations=7 (full 0):
 garbage-first heap   total 86016K, used 17626K [0x0000000081800000, 0x0000000100000000)
  region size 1024K, 3 young (3072K), 3 survivors (3072K)
 Metaspace       used 27740K, committed 28288K, reserved 1114112K
  class space    used 3695K, committed 3968K, reserved 1048576K
}
Event: 3.954 GC heap before
{Heap before GC invocations=7 (full 0):
 garbage-first heap   total 86016K, used 52442K [0x0000000081800000, 0x0000000100000000)
  region size 1024K, 39 young (39936K), 3 survivors (3072K)
 Metaspace       used 35529K, committed 36096K, reserved 1114112K
  class space    used 4644K, committed 4864K, reserved 1048576K
}
Event: 3.962 GC heap after
{Heap after GC invocations=8 (full 0):
 garbage-first heap   total 86016K, used 20509K [0x0000000081800000, 0x0000000100000000)
  region size 1024K, 6 young (6144K), 6 survivors (6144K)
 Metaspace       used 35529K, committed 36096K, reserved 1114112K
  class space    used 4644K, committed 4864K, reserved 1048576K
}
Event: 4.769 GC heap before
{Heap before GC invocations=9 (full 0):
 garbage-first heap   total 75776K, used 59421K [0x0000000081800000, 0x0000000100000000)
  region size 1024K, 44 young (45056K), 6 survivors (6144K)
 Metaspace       used 45341K, committed 45888K, reserved 1114112K
  class space    used 6082K, committed 6336K, reserved 1048576K
}
Event: 4.775 GC heap after
{Heap after GC invocations=10 (full 0):
 garbage-first heap   total 75776K, used 22996K [0x0000000081800000, 0x0000000100000000)
  region size 1024K, 6 young (6144K), 6 survivors (6144K)
 Metaspace       used 45341K, committed 45888K, reserved 1114112K
  class space    used 6082K, committed 6336K, reserved 1048576K
}
Event: 4.795 GC heap before
{Heap before GC invocations=10 (full 0):
 garbage-first heap   total 75776K, used 24020K [0x0000000081800000, 0x0000000100000000)
  region size 1024K, 7 young (7168K), 6 survivors (6144K)
 Metaspace       used 45576K, committed 46144K, reserved 1114112K
  class space    used 6121K, committed 6400K, reserved 1048576K
}
Event: 4.800 GC heap after
{Heap after GC invocations=11 (full 0):
 garbage-first heap   total 75776K, used 23028K [0x0000000081800000, 0x0000000100000000)
  region size 1024K, 1 young (1024K), 1 survivors (1024K)
 Metaspace       used 45576K, committed 46144K, reserved 1114112K
  class space    used 6121K, committed 6400K, reserved 1048576K
}
Event: 5.511 GC heap before
{Heap before GC invocations=11 (full 0):
 garbage-first heap   total 75776K, used 55796K [0x0000000081800000, 0x0000000100000000)
  region size 1024K, 34 young (34816K), 1 survivors (1024K)
 Metaspace       used 54759K, committed 55360K, reserved 1114112K
  class space    used 7592K, committed 7872K, reserved 1048576K
}
Event: 5.515 GC heap after
{Heap after GC invocations=12 (full 0):
 garbage-first heap   total 75776K, used 24233K [0x0000000081800000, 0x0000000100000000)
  region size 1024K, 3 young (3072K), 3 survivors (3072K)
 Metaspace       used 54759K, committed 55360K, reserved 1114112K
  class space    used 7592K, committed 7872K, reserved 1048576K
}
Event: 6.039 GC heap before
{Heap before GC invocations=12 (full 0):
 garbage-first heap   total 75776K, used 57001K [0x0000000081800000, 0x0000000100000000)
  region size 1024K, 35 young (35840K), 3 survivors (3072K)
 Metaspace       used 59210K, committed 59968K, reserved 1114112K
  class space    used 8209K, committed 8576K, reserved 1048576K
}
Event: 6.044 GC heap after
{Heap after GC invocations=13 (full 0):
 garbage-first heap   total 75776K, used 27532K [0x0000000081800000, 0x0000000100000000)
  region size 1024K, 5 young (5120K), 5 survivors (5120K)
 Metaspace       used 59210K, committed 59968K, reserved 1114112K
  class space    used 8209K, committed 8576K, reserved 1048576K
}
Event: 6.112 GC heap before
{Heap before GC invocations=13 (full 0):
 garbage-first heap   total 75776K, used 30604K [0x0000000081800000, 0x0000000100000000)
  region size 1024K, 9 young (9216K), 5 survivors (5120K)
 Metaspace       used 59953K, committed 60608K, reserved 1114112K
  class space    used 8316K, committed 8640K, reserved 1048576K
}
Event: 6.117 GC heap after
{Heap after GC invocations=14 (full 0):
 garbage-first heap   total 75776K, used 28322K [0x0000000081800000, 0x0000000100000000)
  region size 1024K, 1 young (1024K), 1 survivors (1024K)
 Metaspace       used 59953K, committed 60608K, reserved 1114112K
  class space    used 8316K, committed 8640K, reserved 1048576K
}
Event: 3723.195 GC heap before
{Heap before GC invocations=15 (full 0):
 garbage-first heap   total 75776K, used 56994K [0x0000000081800000, 0x0000000100000000)
  region size 1024K, 30 young (30720K), 1 survivors (1024K)
 Metaspace       used 62593K, committed 63424K, reserved 1114112K
  class space    used 8748K, committed 9152K, reserved 1048576K
}

